Distribution for Chunk 1:
0    17325
1    12090
3    10398
9     6930
2     6384
5     5699
4     3985
7     2462
Percentage Distribution for Chunk 1:
0    26.54
1    18.52
3    15.93
9    10.62
2     9.78
5     8.73
4     6.11
7     3.77
Total samples in Chunk 1: 65273
Total count of unique application types in Chunk 1: 8
-----------------
Distribution for Chunk 2:
8    5831
3    4354
Percentage Distribution for Chunk 2:
8    57.25
3    42.75
Total samples in Chunk 2: 10185
Total count of unique application types in Chunk 2: 2
-----------------
Distribution for Chunk 3:
0    36903
2    29485
1    20810
3     4043
5     2116
6     1900
9      937
Percentage Distribution for Chunk 3:
0    38.36
2    30.65
1    21.63
3     4.20
5     2.20
6     1.98
9     0.97
Total samples in Chunk 3: 96194
Total count of unique application types in Chunk 3: 7
-----------------
Distribution for Chunk 4:
0    18161
6    12726
2    11215
3     6384
7     2291
5     2069
8     1336
Percentage Distribution for Chunk 4:
0    33.52
6    23.49
2    20.70
3    11.78
7     4.23
5     3.82
8     2.47
Total samples in Chunk 4: 54182
Total count of unique application types in Chunk 4: 7
-----------------
Distribution for Chunk 5:
1    51830
2     5285
6     5049
7     4602
3     4248
8     3767
9     1123
Percentage Distribution for Chunk 5:
1    68.28
2     6.96
6     6.65
7     6.06
3     5.60
8     4.96
9     1.48
Total samples in Chunk 5: 75904
Total count of unique application types in Chunk 5: 7
-----------------
Distribution for Chunk 6:
0    15145
1    10839
2     5721
3     5341
4     5062
5     2767
6     2571
7     2223
8     1814
9     1235
Percentage Distribution for Chunk 6:
0    28.73
1    20.56
2    10.85
3    10.13
4     9.60
5     5.25
6     4.88
7     4.22
8     3.44
9     2.34
Total samples in Chunk 6: 52718
Total count of unique application types in Chunk 6: 10
-----------------
Distribution for Chunk 7:
1    18353
0    13351
8     7612
2     5034
3     4626
4     4454
5     3298
6     2278
7     1970
9     1106
Percentage Distribution for Chunk 7:
1    29.56
0    21.51
8    12.26
2     8.11
3     7.45
4     7.17
5     5.31
6     3.67
7     3.17
9     1.78
Total samples in Chunk 7: 62082
Total count of unique application types in Chunk 7: 10
-----------------
Distribution for Chunk 8:
3    19723
5     7104
7     6453
4     4447
Percentage Distribution for Chunk 8:
3    52.28
5    18.83
7    17.10
4    11.79
Total samples in Chunk 8: 37727
Total count of unique application types in Chunk 8: 4
-----------------
Distribution for Chunk 9:
0    12472
3     6363
2     4251
8     3108
6     2090
Percentage Distribution for Chunk 9:
0    44.10
3    22.50
2    15.03
8    10.99
6     7.39
Total samples in Chunk 9: 28284
Total count of unique application types in Chunk 9: 5
-----------------
Distribution for Chunk 10:
2    16738
1    12929
3    11723
4     6009
5     5634
6     2979
7     2609
8     2167
9     1460
Percentage Distribution for Chunk 10:
2    26.89
1    20.77
3    18.83
4     9.65
5     9.05
6     4.79
7     4.19
8     3.48
9     2.35
Total samples in Chunk 10: 62248
Total count of unique application types in Chunk 10: 9
-----------------
Distribution for Chunk 11:
0    23039
2     9493
1     8633
6     5676
5     2208
7     1804
8     1413
Percentage Distribution for Chunk 11:
0    44.08
2    18.16
1    16.52
6    10.86
5     4.22
7     3.45
8     2.70
Total samples in Chunk 11: 52266
Total count of unique application types in Chunk 11: 7
-----------------
Distribution for Chunk 12:
0    15145
1    10839
2     5721
3     5341
4     5062
5     2767
6     2571
7     2223
8     1814
9     1235
Percentage Distribution for Chunk 12:
0    28.73
1    20.56
2    10.85
3    10.13
4     9.60
5     5.25
6     4.88
7     4.22
8     3.44
9     2.34
Total samples in Chunk 12: 52718
Total count of unique application types in Chunk 12: 10
-----------------
Distribution for Chunk 13:
0    17398
3    10170
8     6711
2     6688
6     5266
9     2761
Percentage Distribution for Chunk 13:
0    35.51
3    20.76
8    13.70
2    13.65
6    10.75
9     5.64
Total samples in Chunk 13: 48994
Total count of unique application types in Chunk 13: 6
-----------------
Distribution for Chunk 14:
0    18154
4    16295
5    14826
7     2717
Percentage Distribution for Chunk 14:
0    34.92
4    31.34
5    28.52
7     5.23
Total samples in Chunk 14: 51992
Total count of unique application types in Chunk 14: 4
-----------------
Distribution for Chunk 15:
1    33275
0    19479
2     5191
7     1883
8     1443
Percentage Distribution for Chunk 15:
1    54.31
0    31.79
2     8.47
7     3.07
8     2.36
Total samples in Chunk 15: 61271
Total count of unique application types in Chunk 15: 5
-----------------
Distribution for Chunk 16:
0    61978
2    23954
7     6909
3     5734
8     5657
4     5472
6     4829
5     2895
9     1326
Percentage Distribution for Chunk 16:
0    52.19
2    20.17
7     5.82
3     4.83
8     4.76
4     4.61
6     4.07
5     2.44
9     1.12
Total samples in Chunk 16: 118754
Total count of unique application types in Chunk 16: 9
-----------------
Distribution for Chunk 17:
4    24310
0    11858
1     8530
8     3570
5     2363
6     2018
7     1800
Percentage Distribution for Chunk 17:
4    44.65
0    21.78
1    15.67
8     6.56
5     4.34
6     3.71
7     3.31
Total samples in Chunk 17: 54449
Total count of unique application types in Chunk 17: 7
-----------------
Distribution for Chunk 18:
0    15145
1    10839
2     5721
3     5341
4     5062
5     2767
6     2571
7     2223
8     1814
9     1235
Percentage Distribution for Chunk 18:
0    28.73
1    20.56
2    10.85
3    10.13
4     9.60
5     5.25
6     4.88
7     4.22
8     3.44
9     2.34
Total samples in Chunk 18: 52718
Total count of unique application types in Chunk 18: 10
-----------------
Distribution for Chunk 19:
0    13130
4     6068
3     6021
6     2192
Percentage Distribution for Chunk 19:
0    47.90
4    22.14
3    21.97
6     8.00
Total samples in Chunk 19: 27411
Total count of unique application types in Chunk 19: 4
-----------------
Distribution for Chunk 20:
0    14920
2    11995
4    11215
1    10812
5     7492
7     7374
6     2516
8     1837
Percentage Distribution for Chunk 20:
0    21.89
2    17.60
4    16.45
1    15.86
5    10.99
7    10.82
6     3.69
8     2.70
Total samples in Chunk 20: 68161
Total count of unique application types in Chunk 20: 8
-----------------
Distribution for Chunk 21:
3    14697
4    13837
0    11508
5     8152
1     8054
6     5229
2     4281
8     2872
7     1618
9      950
Percentage Distribution for Chunk 21:
3    20.64
4    19.43
0    16.16
5    11.45
1    11.31
6     7.34
2     6.01
8     4.03
7     2.27
9     1.33
Total samples in Chunk 21: 71198
Total count of unique application types in Chunk 21: 10
-----------------
Distribution for Chunk 22:
0    40269
1    17525
6     8219
2     4364
8     4326
3     3949
4     3773
5     2136
7     1652
9      886
Percentage Distribution for Chunk 22:
0    46.23
1    20.12
6     9.44
2     5.01
8     4.97
3     4.53
4     4.33
5     2.45
7     1.90
9     1.02
Total samples in Chunk 22: 87099
Total count of unique application types in Chunk 22: 10
-----------------
Distribution for Chunk 23:
0    11877
1     8454
2     4561
4     4398
3     4296
6     4091
5     2217
9     1988
7     1764
Percentage Distribution for Chunk 23:
0    27.21
1    19.37
2    10.45
4    10.08
3     9.84
6     9.37
5     5.08
9     4.55
7     4.04
Total samples in Chunk 23: 43646
Total count of unique application types in Chunk 23: 9
-----------------
Distribution for Chunk 24:
0    15145
1    10839
2     5721
3     5341
4     5062
5     2767
6     2571
7     2223
8     1814
9     1235
Percentage Distribution for Chunk 24:
0    28.73
1    20.56
2    10.85
3    10.13
4     9.60
5     5.25
6     4.88
7     4.22
8     3.44
9     2.34
Total samples in Chunk 24: 52718
Total count of unique application types in Chunk 24: 10
-----------------
Distribution for Chunk 25:
0    24813
4    16404
1     9546
9     2505
8     1669
Percentage Distribution for Chunk 25:
0    45.17
4    29.86
1    17.38
9     4.56
8     3.04
Total samples in Chunk 25: 54937
Total count of unique application types in Chunk 25: 5
-----------------
Distribution for Chunk 26:
4    10751
2     5105
3     4644
7     1934
Percentage Distribution for Chunk 26:
4    47.92
2    22.76
3    20.70
7     8.62
Total samples in Chunk 26: 22434
Total count of unique application types in Chunk 26: 4
-----------------
Distribution for Chunk 27:
4    15479
1    11472
5     9602
9     1085
Percentage Distribution for Chunk 27:
4    41.13
1    30.48
5    25.51
9     2.88
Total samples in Chunk 27: 37638
Total count of unique application types in Chunk 27: 4
-----------------
Distribution for Chunk 28:
0    28127
1    12151
3     5896
8     5430
5     3026
6     2223
Percentage Distribution for Chunk 28:
0    49.47
1    21.37
3    10.37
8     9.55
5     5.32
6     3.91
Total samples in Chunk 28: 56853
Total count of unique application types in Chunk 28: 6
-----------------
Distribution for Chunk 29:
1    20544
0    12604
3     9137
4     3849
9      921
Percentage Distribution for Chunk 29:
1    43.66
0    26.79
3    19.42
4     8.18
9     1.96
Total samples in Chunk 29: 47055
Total count of unique application types in Chunk 29: 5
-----------------
Distribution for Chunk 30:
0    15145
1    10839
2     5721
3     5341
4     5062
5     2767
6     2571
7     2223
8     1814
9     1235
Percentage Distribution for Chunk 30:
0    28.73
1    20.56
2    10.85
3    10.13
4     9.60
5     5.25
6     4.88
7     4.22
8     3.44
9     2.34
Total samples in Chunk 30: 52718
Total count of unique application types in Chunk 30: 10
-----------------
Distribution for Chunk 31:
0    16388
1    11705
8     6267
2     6073
3     5832
4     5547
6     2995
5     2950
7     2410
Percentage Distribution for Chunk 31:
0    27.24
1    19.45
8    10.42
2    10.09
3     9.69
4     9.22
6     4.98
5     4.90
7     4.01
Total samples in Chunk 31: 60167
Total count of unique application types in Chunk 31: 9
-----------------
Distribution for Chunk 32:
0    31526
3    10808
1     9398
2     4958
4     4293
6     2200
9     2160
7     1903
8     1560
Percentage Distribution for Chunk 32:
0    45.82
3    15.71
1    13.66
2     7.21
4     6.24
6     3.20
9     3.14
7     2.77
8     2.27
Total samples in Chunk 32: 68806
Total count of unique application types in Chunk 32: 9
-----------------
Distribution for Chunk 33:
2    6734
9    5618
6    3010
Percentage Distribution for Chunk 33:
2    43.84
9    36.57
6    19.59
Total samples in Chunk 33: 15362
Total count of unique application types in Chunk 33: 3
-----------------
Distribution for Chunk 34:
0    17314
1    12325
5     6455
6     6158
3     6053
4     5762
2     5018
7     2535
8     2114
9     1430
Percentage Distribution for Chunk 34:
0    26.57
1    18.91
5     9.91
6     9.45
3     9.29
4     8.84
2     7.70
7     3.89
8     3.24
9     2.19
Total samples in Chunk 34: 65164
Total count of unique application types in Chunk 34: 10
-----------------
Distribution for Chunk 35:
1    21617
2     6792
3     6158
6     3078
9     1427
Percentage Distribution for Chunk 35:
1    55.33
2    17.38
3    15.76
6     7.88
9     3.65
Total samples in Chunk 35: 39072
Total count of unique application types in Chunk 35: 5
-----------------
Distribution for Chunk 36:
0    15145
1    10839
2     5721
3     5341
4     5062
5     2767
6     2571
7     2223
8     1814
9     1235
Percentage Distribution for Chunk 36:
0    28.73
1    20.56
2    10.85
3    10.13
4     9.60
5     5.25
6     4.88
7     4.22
8     3.44
9     2.34
Total samples in Chunk 36: 52718
Total count of unique application types in Chunk 36: 10
-----------------
Distribution for Chunk 37:
1    20450
0    16139
6     7892
2     6100
3     5790
8     5566
4     5425
5     2974
7     2463
9     2412
Percentage Distribution for Chunk 37:
1    27.19
0    21.46
6    10.49
2     8.11
3     7.70
8     7.40
4     7.21
5     3.95
7     3.27
9     3.21
Total samples in Chunk 37: 75211
Total count of unique application types in Chunk 37: 10
-----------------
Distribution for Chunk 38:
0    44440
1    10620
2     5678
3     5293
4     5085
7     5038
5     2746
6     2525
8     1785
9     1211
Percentage Distribution for Chunk 38:
0    52.64
1    12.58
2     6.73
3     6.27
4     6.02
7     5.97
5     3.25
6     2.99
8     2.11
9     1.43
Total samples in Chunk 38: 84421
Total count of unique application types in Chunk 38: 10
-----------------
Distribution for Chunk 39:
1    12534
5     2426
6     2389
9     2094
Percentage Distribution for Chunk 39:
1    64.47
5    12.48
6    12.29
9    10.77
Total samples in Chunk 39: 19443
Total count of unique application types in Chunk 39: 4
-----------------
Distribution for Chunk 40:
1    20456
0    15226
3    11657
4    10576
2     5881
5     2825
6     2653
7     2186
8     1784
9     1265
Percentage Distribution for Chunk 40:
1    27.45
0    20.44
3    15.65
4    14.19
2     7.89
5     3.79
6     3.56
7     2.93
8     2.39
9     1.70
Total samples in Chunk 40: 74509
Total count of unique application types in Chunk 40: 10
-----------------
Distribution for Chunk 41:
0    16663
1    11956
4    11907
6     7009
2     6327
3     5861
5     3095
7     2429
9     1365
Percentage Distribution for Chunk 41:
0    25.02
1    17.95
4    17.88
6    10.52
2     9.50
3     8.80
5     4.65
7     3.65
9     2.05
Total samples in Chunk 41: 66612
Total count of unique application types in Chunk 41: 9
-----------------
Distribution for Chunk 42:
0    15145
1    10839
2     5721
3     5341
4     5062
5     2767
6     2571
7     2223
8     1814
9     1235
Percentage Distribution for Chunk 42:
0    28.73
1    20.56
2    10.85
3    10.13
4     9.60
5     5.25
6     4.88
7     4.22
8     3.44
9     2.34
Total samples in Chunk 42: 52718
Total count of unique application types in Chunk 42: 10
-----------------
Distribution for Chunk 43:
4    19503
0    13769
7    11696
1     9826
2     5172
3     4908
5     2433
6     2404
8     1642
9     1155
Percentage Distribution for Chunk 43:
4    26.90
0    18.99
7    16.13
1    13.55
2     7.13
3     6.77
5     3.36
6     3.32
8     2.26
9     1.59
Total samples in Chunk 43: 72508
Total count of unique application types in Chunk 43: 10
-----------------
Distribution for Chunk 44:
0    14382
5     3380
8     2221
Percentage Distribution for Chunk 44:
0    71.97
5    16.91
8    11.11
Total samples in Chunk 44: 19983
Total count of unique application types in Chunk 44: 3
-----------------
Distribution for Chunk 45:
1    13940
3    11685
2     7316
5     3467
7     2772
9     2274
Percentage Distribution for Chunk 45:
1    33.63
3    28.19
2    17.65
5     8.36
7     6.69
9     5.49
Total samples in Chunk 45: 41454
Total count of unique application types in Chunk 45: 6
-----------------
Distribution for Chunk 46:
1    23388
3    11098
5     2017
Percentage Distribution for Chunk 46:
1    64.07
3    30.40
5     5.53
Total samples in Chunk 46: 36503
Total count of unique application types in Chunk 46: 3
-----------------
Distribution for Chunk 47:
0    18081
2     6882
6     3142
Percentage Distribution for Chunk 47:
0    64.33
2    24.49
6    11.18
Total samples in Chunk 47: 28105
Total count of unique application types in Chunk 47: 3
-----------------
Distribution for Chunk 48:
0    15145
1    10839
2     5721
3     5341
4     5062
5     2767
6     2571
7     2223
8     1814
9     1235
Percentage Distribution for Chunk 48:
0    28.73
1    20.56
2    10.85
3    10.13
4     9.60
5     5.25
6     4.88
7     4.22
8     3.44
9     2.34
Total samples in Chunk 48: 52718
Total count of unique application types in Chunk 48: 10
-----------------
Distribution for Chunk 49:
1    13408
2     6961
3     6506
5     3365
6     3231
7     2752
9     1556
Percentage Distribution for Chunk 49:
1    35.49
2    18.43
3    17.22
5     8.91
6     8.55
7     7.28
9     4.12
Total samples in Chunk 49: 37779
Total count of unique application types in Chunk 49: 7
-----------------
Distribution for Chunk 50:
1    13058
3     4341
7     2650
Percentage Distribution for Chunk 50:
1    65.13
3    21.65
7    13.22
Total samples in Chunk 50: 20049
Total count of unique application types in Chunk 50: 3
-----------------
Distribution for Chunk 51:
1    46962
0    35947
7     6953
2     6481
8     2113
9     1454
Percentage Distribution for Chunk 51:
1    47.00
0    35.98
7     6.96
2     6.49
8     2.11
9     1.46
Total samples in Chunk 51: 99910
Total count of unique application types in Chunk 51: 6
-----------------
Distribution for Chunk 52:
4    15240
0    14908
1    10838
3     9384
9     6607
2     5728
5     5205
7     3961
6     2522
Percentage Distribution for Chunk 52:
4    20.49
0    20.04
1    14.57
3    12.61
9     8.88
2     7.70
5     7.00
7     5.32
6     3.39
Total samples in Chunk 52: 74393
Total count of unique application types in Chunk 52: 9
-----------------
Distribution for Chunk 53:
2    10067
6     2262
7     2125
Percentage Distribution for Chunk 53:
2    69.65
6    15.65
7    14.70
Total samples in Chunk 53: 14454
Total count of unique application types in Chunk 53: 3
-----------------
Distribution for Chunk 54:
0    15145
1    10839
2     5721
3     5341
4     5062
5     2767
6     2571
7     2223
8     1814
9     1235
Percentage Distribution for Chunk 54:
0    28.73
1    20.56
2    10.85
3    10.13
4     9.60
5     5.25
6     4.88
7     4.22
8     3.44
9     2.34
Total samples in Chunk 54: 52718
Total count of unique application types in Chunk 54: 10
-----------------
Distribution for Chunk 55:
0    13738
3     4763
6     2340
8     1646
Percentage Distribution for Chunk 55:
0    61.09
3    21.18
6    10.41
8     7.32
Total samples in Chunk 55: 22487
Total count of unique application types in Chunk 55: 4
-----------------
Distribution for Chunk 56:
4    12815
0    12460
2    11013
3     4479
8     3152
7     1853
Percentage Distribution for Chunk 56:
4    28.00
0    27.22
2    24.06
3     9.79
8     6.89
7     4.05
Total samples in Chunk 56: 45772
Total count of unique application types in Chunk 56: 6
-----------------
Distribution for Chunk 57:
0    13043
5    10638
3     8816
9     5744
7     1906
Percentage Distribution for Chunk 57:
0    32.49
5    26.50
3    21.96
9    14.31
7     4.75
Total samples in Chunk 57: 40147
Total count of unique application types in Chunk 57: 5
-----------------
Distribution for Chunk 58:
0    20116
1    14461
2    11831
3     7212
5     3537
6     3459
7     2939
Percentage Distribution for Chunk 58:
0    31.65
1    22.75
2    18.62
3    11.35
5     5.57
6     5.44
7     4.62
Total samples in Chunk 58: 63555
Total count of unique application types in Chunk 58: 7
-----------------
Distribution for Chunk 59:
0    35744
2     7014
4     6201
7     2737
8     2161
Percentage Distribution for Chunk 59:
0    66.37
2    13.02
4    11.51
7     5.08
8     4.01
Total samples in Chunk 59: 53857
Total count of unique application types in Chunk 59: 5
-----------------
Distribution for Chunk 60:
0    15145
1    10839
2     5721
3     5341
4     5062
5     2767
6     2571
7     2223
8     1814
9     1235
Percentage Distribution for Chunk 60:
0    28.73
1    20.56
2    10.85
3    10.13
4     9.60
5     5.25
6     4.88
7     4.22
8     3.44
9     2.34
Total samples in Chunk 60: 52718
Total count of unique application types in Chunk 60: 10
-----------------
