Distribution for Chunk 1:
0    15145
1    10839
2     5721
3     5341
4     5062
5     2767
6     2571
7     2223
8     1815
9     1235
Percentage Distribution for Chunk 1:
0    28.73
1    20.56
2    10.85
3    10.13
4     9.60
5     5.25
6     4.88
7     4.22
8     3.44
9     2.34
Total samples in Chunk 1: 52719
-----------------
Distribution for Chunk 2:
0    15145
1    10839
2     5721
3     5341
4     5062
5     2767
6     2571
7     2223
8     1815
9     1235
Percentage Distribution for Chunk 2:
0    28.73
1    20.56
2    10.85
3    10.13
4     9.60
5     5.25
6     4.88
7     4.22
8     3.44
9     2.34
Total samples in Chunk 2: 52719
-----------------
Distribution for Chunk 3:
0    15145
1    10839
2     5721
3     5341
4     5062
5     2767
6     2571
7     2223
8     1815
9     1235
Percentage Distribution for Chunk 3:
0    28.73
1    20.56
2    10.85
3    10.13
4     9.60
5     5.25
6     4.88
7     4.22
8     3.44
9     2.34
Total samples in Chunk 3: 52719
-----------------
Distribution for Chunk 4:
0    15145
1    10839
2     5721
3     5341
4     5062
5     2767
6     2571
7     2223
8     1815
9     1235
Percentage Distribution for Chunk 4:
0    28.73
1    20.56
2    10.85
3    10.13
4     9.60
5     5.25
6     4.88
7     4.22
8     3.44
9     2.34
Total samples in Chunk 4: 52719
-----------------
Distribution for Chunk 5:
0    15145
1    10839
2     5721
3     5341
4     5062
5     2767
6     2571
7     2223
8     1815
9     1235
Percentage Distribution for Chunk 5:
0    28.73
1    20.56
2    10.85
3    10.13
4     9.60
5     5.25
6     4.88
7     4.22
8     3.44
9     2.34
Total samples in Chunk 5: 52719
-----------------
Distribution for Chunk 6:
0    15145
1    10839
2     5721
3     5341
4     5062
5     2767
6     2571
7     2223
8     1815
9     1235
Percentage Distribution for Chunk 6:
0    28.73
1    20.56
2    10.85
3    10.13
4     9.60
5     5.25
6     4.88
7     4.22
8     3.44
9     2.34
Total samples in Chunk 6: 52719
-----------------
Distribution for Chunk 7:
0    15145
1    10839
2     5721
3     5341
4     5062
5     2767
6     2571
7     2223
8     1815
9     1235
Percentage Distribution for Chunk 7:
0    28.73
1    20.56
2    10.85
3    10.13
4     9.60
5     5.25
6     4.88
7     4.22
8     3.44
9     2.34
Total samples in Chunk 7: 52719
-----------------
Distribution for Chunk 8:
0    15145
1    10839
2     5721
3     5341
4     5062
5     2767
6     2571
7     2223
8     1815
9     1235
Percentage Distribution for Chunk 8:
0    28.73
1    20.56
2    10.85
3    10.13
4     9.60
5     5.25
6     4.88
7     4.22
8     3.44
9     2.34
Total samples in Chunk 8: 52719
-----------------
Distribution for Chunk 9:
0    15145
1    10839
2     5721
3     5341
4     5062
5     2767
6     2571
7     2223
8     1815
9     1235
Percentage Distribution for Chunk 9:
0    28.73
1    20.56
2    10.85
3    10.13
4     9.60
5     5.25
6     4.88
7     4.22
8     3.44
9     2.34
Total samples in Chunk 9: 52719
-----------------
Distribution for Chunk 10:
0    15145
1    10839
2     5721
3     5341
4     5062
5     2767
6     2571
7     2223
8     1815
9     1235
Percentage Distribution for Chunk 10:
0    28.73
1    20.56
2    10.85
3    10.13
4     9.60
5     5.25
6     4.88
7     4.22
8     3.44
9     2.34
Total samples in Chunk 10: 52719
-----------------
Distribution for Chunk 11:
0    15145
1    10839
2     5721
3     5341
4     5062
5     2767
6     2571
7     2223
8     1815
9     1235
Percentage Distribution for Chunk 11:
0    28.73
1    20.56
2    10.85
3    10.13
4     9.60
5     5.25
6     4.88
7     4.22
8     3.44
9     2.34
Total samples in Chunk 11: 52719
-----------------
Distribution for Chunk 12:
0    15145
1    10839
2     5721
3     5341
4     5062
5     2767
6     2571
7     2223
8     1815
9     1235
Percentage Distribution for Chunk 12:
0    28.73
1    20.56
2    10.85
3    10.13
4     9.60
5     5.25
6     4.88
7     4.22
8     3.44
9     2.34
Total samples in Chunk 12: 52719
-----------------
Distribution for Chunk 13:
0    15145
1    10839
2     5721
3     5341
4     5062
5     2767
6     2571
7     2223
8     1815
9     1235
Percentage Distribution for Chunk 13:
0    28.73
1    20.56
2    10.85
3    10.13
4     9.60
5     5.25
6     4.88
7     4.22
8     3.44
9     2.34
Total samples in Chunk 13: 52719
-----------------
Distribution for Chunk 14:
0    15145
1    10839
2     5721
3     5341
4     5062
5     2767
6     2571
7     2223
8     1815
9     1235
Percentage Distribution for Chunk 14:
0    28.73
1    20.56
2    10.85
3    10.13
4     9.60
5     5.25
6     4.88
7     4.22
8     3.44
9     2.34
Total samples in Chunk 14: 52719
-----------------
Distribution for Chunk 15:
0    15145
1    10839
2     5721
3     5341
4     5062
5     2767
6     2571
7     2223
8     1815
9     1235
Percentage Distribution for Chunk 15:
0    28.73
1    20.56
2    10.85
3    10.13
4     9.60
5     5.25
6     4.88
7     4.22
8     3.44
9     2.34
Total samples in Chunk 15: 52719
-----------------
Distribution for Chunk 16:
0    15145
1    10839
2     5721
3     5341
4     5062
5     2767
6     2571
7     2223
8     1815
9     1235
Percentage Distribution for Chunk 16:
0    28.73
1    20.56
2    10.85
3    10.13
4     9.60
5     5.25
6     4.88
7     4.22
8     3.44
9     2.34
Total samples in Chunk 16: 52719
-----------------
Distribution for Chunk 17:
0    15145
1    10839
2     5721
3     5341
4     5062
5     2767
6     2571
7     2223
8     1815
9     1235
Percentage Distribution for Chunk 17:
0    28.73
1    20.56
2    10.85
3    10.13
4     9.60
5     5.25
6     4.88
7     4.22
8     3.44
9     2.34
Total samples in Chunk 17: 52719
-----------------
Distribution for Chunk 18:
0    15145
1    10839
2     5721
3     5341
4     5062
5     2767
6     2571
7     2223
8     1815
9     1235
Percentage Distribution for Chunk 18:
0    28.73
1    20.56
2    10.85
3    10.13
4     9.60
5     5.25
6     4.88
7     4.22
8     3.44
9     2.34
Total samples in Chunk 18: 52719
-----------------
Distribution for Chunk 19:
0    15145
1    10839
2     5721
3     5341
4     5062
5     2767
6     2571
7     2223
8     1815
9     1235
Percentage Distribution for Chunk 19:
0    28.73
1    20.56
2    10.85
3    10.13
4     9.60
5     5.25
6     4.88
7     4.22
8     3.44
9     2.34
Total samples in Chunk 19: 52719
-----------------
Distribution for Chunk 20:
0    15145
1    10839
2     5721
3     5341
4     5062
5     2767
6     2571
7     2223
8     1815
9     1235
Percentage Distribution for Chunk 20:
0    28.73
1    20.56
2    10.85
3    10.13
4     9.60
5     5.25
6     4.88
7     4.22
8     3.44
9     2.34
Total samples in Chunk 20: 52719
-----------------
Distribution for Chunk 21:
0    15145
1    10839
2     5721
3     5341
4     5062
5     2767
6     2571
7     2223
8     1815
9     1235
Percentage Distribution for Chunk 21:
0    28.73
1    20.56
2    10.85
3    10.13
4     9.60
5     5.25
6     4.88
7     4.22
8     3.44
9     2.34
Total samples in Chunk 21: 52719
-----------------
Distribution for Chunk 22:
0    15145
1    10839
2     5721
3     5341
4     5062
5     2767
6     2571
7     2223
8     1815
9     1235
Percentage Distribution for Chunk 22:
0    28.73
1    20.56
2    10.85
3    10.13
4     9.60
5     5.25
6     4.88
7     4.22
8     3.44
9     2.34
Total samples in Chunk 22: 52719
-----------------
Distribution for Chunk 23:
0    15145
1    10839
2     5721
3     5341
4     5062
5     2767
6     2571
7     2223
8     1815
9     1235
Percentage Distribution for Chunk 23:
0    28.73
1    20.56
2    10.85
3    10.13
4     9.60
5     5.25
6     4.88
7     4.22
8     3.44
9     2.34
Total samples in Chunk 23: 52719
-----------------
Distribution for Chunk 24:
0    15145
1    10839
2     5721
3     5341
4     5062
5     2767
6     2571
7     2223
8     1815
9     1235
Percentage Distribution for Chunk 24:
0    28.73
1    20.56
2    10.85
3    10.13
4     9.60
5     5.25
6     4.88
7     4.22
8     3.44
9     2.34
Total samples in Chunk 24: 52719
-----------------
Distribution for Chunk 25:
0    15145
1    10839
2     5721
3     5341
4     5062
5     2767
6     2571
7     2223
8     1815
9     1235
Percentage Distribution for Chunk 25:
0    28.73
1    20.56
2    10.85
3    10.13
4     9.60
5     5.25
6     4.88
7     4.22
8     3.44
9     2.34
Total samples in Chunk 25: 52719
-----------------
Distribution for Chunk 26:
0    15145
1    10839
2     5721
3     5341
4     5062
5     2767
6     2571
7     2223
8     1815
9     1235
Percentage Distribution for Chunk 26:
0    28.73
1    20.56
2    10.85
3    10.13
4     9.60
5     5.25
6     4.88
7     4.22
8     3.44
9     2.34
Total samples in Chunk 26: 52719
-----------------
Distribution for Chunk 27:
0    15145
1    10839
2     5721
3     5341
4     5062
5     2767
6     2571
7     2223
8     1815
9     1235
Percentage Distribution for Chunk 27:
0    28.73
1    20.56
2    10.85
3    10.13
4     9.60
5     5.25
6     4.88
7     4.22
8     3.44
9     2.34
Total samples in Chunk 27: 52719
-----------------
Distribution for Chunk 28:
0    15145
1    10839
2     5721
3     5341
4     5062
5     2767
6     2571
7     2223
8     1815
9     1235
Percentage Distribution for Chunk 28:
0    28.73
1    20.56
2    10.85
3    10.13
4     9.60
5     5.25
6     4.88
7     4.22
8     3.44
9     2.34
Total samples in Chunk 28: 52719
-----------------
Distribution for Chunk 29:
0    15145
1    10839
2     5721
3     5341
4     5062
5     2767
6     2571
7     2223
8     1815
9     1235
Percentage Distribution for Chunk 29:
0    28.73
1    20.56
2    10.85
3    10.13
4     9.60
5     5.25
6     4.88
7     4.22
8     3.44
9     2.34
Total samples in Chunk 29: 52719
-----------------
Distribution for Chunk 30:
0    15145
1    10839
2     5721
3     5341
4     5062
5     2767
6     2571
7     2223
8     1815
9     1235
Percentage Distribution for Chunk 30:
0    28.73
1    20.56
2    10.85
3    10.13
4     9.60
5     5.25
6     4.88
7     4.22
8     3.44
9     2.34
Total samples in Chunk 30: 52719
-----------------
Distribution for Chunk 31:
0    15145
1    10839
2     5721
3     5341
4     5062
5     2767
6     2571
7     2223
8     1815
9     1235
Percentage Distribution for Chunk 31:
0    28.73
1    20.56
2    10.85
3    10.13
4     9.60
5     5.25
6     4.88
7     4.22
8     3.44
9     2.34
Total samples in Chunk 31: 52719
-----------------
Distribution for Chunk 32:
0    15145
1    10839
2     5721
3     5341
4     5062
5     2767
6     2571
7     2223
8     1815
9     1235
Percentage Distribution for Chunk 32:
0    28.73
1    20.56
2    10.85
3    10.13
4     9.60
5     5.25
6     4.88
7     4.22
8     3.44
9     2.34
Total samples in Chunk 32: 52719
-----------------
Distribution for Chunk 33:
0    15145
1    10839
2     5721
3     5341
4     5062
5     2767
6     2571
7     2223
8     1815
9     1235
Percentage Distribution for Chunk 33:
0    28.73
1    20.56
2    10.85
3    10.13
4     9.60
5     5.25
6     4.88
7     4.22
8     3.44
9     2.34
Total samples in Chunk 33: 52719
-----------------
Distribution for Chunk 34:
0    15145
1    10839
2     5721
3     5341
4     5062
5     2767
6     2571
7     2223
8     1815
9     1235
Percentage Distribution for Chunk 34:
0    28.73
1    20.56
2    10.85
3    10.13
4     9.60
5     5.25
6     4.88
7     4.22
8     3.44
9     2.34
Total samples in Chunk 34: 52719
-----------------
Distribution for Chunk 35:
0    15145
1    10839
2     5721
3     5341
4     5062
5     2767
6     2571
7     2223
8     1815
9     1235
Percentage Distribution for Chunk 35:
0    28.73
1    20.56
2    10.85
3    10.13
4     9.60
5     5.25
6     4.88
7     4.22
8     3.44
9     2.34
Total samples in Chunk 35: 52719
-----------------
Distribution for Chunk 36:
0    15145
1    10839
2     5721
3     5341
4     5062
5     2767
6     2571
7     2223
8     1815
9     1235
Percentage Distribution for Chunk 36:
0    28.73
1    20.56
2    10.85
3    10.13
4     9.60
5     5.25
6     4.88
7     4.22
8     3.44
9     2.34
Total samples in Chunk 36: 52719
-----------------
Distribution for Chunk 37:
0    15145
1    10839
2     5721
3     5341
4     5062
5     2767
6     2571
7     2223
8     1815
9     1235
Percentage Distribution for Chunk 37:
0    28.73
1    20.56
2    10.85
3    10.13
4     9.60
5     5.25
6     4.88
7     4.22
8     3.44
9     2.34
Total samples in Chunk 37: 52719
-----------------
Distribution for Chunk 38:
0    15145
1    10839
2     5721
3     5341
4     5062
5     2767
6     2571
7     2223
8     1815
9     1235
Percentage Distribution for Chunk 38:
0    28.73
1    20.56
2    10.85
3    10.13
4     9.60
5     5.25
6     4.88
7     4.22
8     3.44
9     2.34
Total samples in Chunk 38: 52719
-----------------
Distribution for Chunk 39:
0    15145
1    10839
2     5721
3     5341
4     5062
5     2767
6     2571
7     2223
8     1815
9     1235
Percentage Distribution for Chunk 39:
0    28.73
1    20.56
2    10.85
3    10.13
4     9.60
5     5.25
6     4.88
7     4.22
8     3.44
9     2.34
Total samples in Chunk 39: 52719
-----------------
Distribution for Chunk 40:
0    15145
1    10839
2     5721
3     5341
4     5062
5     2767
6     2571
7     2223
8     1815
9     1235
Percentage Distribution for Chunk 40:
0    28.73
1    20.56
2    10.85
3    10.13
4     9.60
5     5.25
6     4.88
7     4.22
8     3.44
9     2.34
Total samples in Chunk 40: 52719
-----------------
Distribution for Chunk 41:
0    15145
1    10839
2     5721
3     5341
4     5062
5     2767
6     2571
7     2223
8     1815
9     1235
Percentage Distribution for Chunk 41:
0    28.73
1    20.56
2    10.85
3    10.13
4     9.60
5     5.25
6     4.88
7     4.22
8     3.44
9     2.34
Total samples in Chunk 41: 52719
-----------------
Distribution for Chunk 42:
0    15145
1    10839
2     5721
3     5341
4     5062
5     2767
6     2571
7     2223
8     1815
9     1235
Percentage Distribution for Chunk 42:
0    28.73
1    20.56
2    10.85
3    10.13
4     9.60
5     5.25
6     4.88
7     4.22
8     3.44
9     2.34
Total samples in Chunk 42: 52719
-----------------
Distribution for Chunk 43:
0    15145
1    10839
2     5721
3     5341
4     5062
5     2767
6     2571
7     2223
8     1815
9     1235
Percentage Distribution for Chunk 43:
0    28.73
1    20.56
2    10.85
3    10.13
4     9.60
5     5.25
6     4.88
7     4.22
8     3.44
9     2.34
Total samples in Chunk 43: 52719
-----------------
Distribution for Chunk 44:
0    15145
1    10839
2     5721
3     5341
4     5062
5     2767
6     2571
7     2223
8     1815
9     1235
Percentage Distribution for Chunk 44:
0    28.73
1    20.56
2    10.85
3    10.13
4     9.60
5     5.25
6     4.88
7     4.22
8     3.44
9     2.34
Total samples in Chunk 44: 52719
-----------------
Distribution for Chunk 45:
0    15145
1    10839
2     5721
3     5341
4     5062
5     2767
6     2571
7     2223
8     1815
9     1235
Percentage Distribution for Chunk 45:
0    28.73
1    20.56
2    10.85
3    10.13
4     9.60
5     5.25
6     4.88
7     4.22
8     3.44
9     2.34
Total samples in Chunk 45: 52719
-----------------
Distribution for Chunk 46:
0    15145
1    10839
2     5721
3     5341
4     5062
5     2767
6     2571
7     2223
8     1815
9     1235
Percentage Distribution for Chunk 46:
0    28.73
1    20.56
2    10.85
3    10.13
4     9.60
5     5.25
6     4.88
7     4.22
8     3.44
9     2.34
Total samples in Chunk 46: 52719
-----------------
Distribution for Chunk 47:
0    15145
1    10839
2     5721
3     5341
4     5062
5     2767
6     2571
7     2223
8     1815
9     1235
Percentage Distribution for Chunk 47:
0    28.73
1    20.56
2    10.85
3    10.13
4     9.60
5     5.25
6     4.88
7     4.22
8     3.44
9     2.34
Total samples in Chunk 47: 52719
-----------------
Distribution for Chunk 48:
0    15145
1    10839
2     5721
3     5341
4     5062
5     2767
6     2571
7     2223
8     1815
9     1235
Percentage Distribution for Chunk 48:
0    28.73
1    20.56
2    10.85
3    10.13
4     9.60
5     5.25
6     4.88
7     4.22
8     3.44
9     2.34
Total samples in Chunk 48: 52719
-----------------
Distribution for Chunk 49:
0    15145
1    10839
2     5721
3     5341
4     5062
5     2767
6     2571
7     2223
8     1815
9     1235
Percentage Distribution for Chunk 49:
0    28.73
1    20.56
2    10.85
3    10.13
4     9.60
5     5.25
6     4.88
7     4.22
8     3.44
9     2.34
Total samples in Chunk 49: 52719
-----------------
Distribution for Chunk 50:
0    15145
1    10839
2     5721
3     5341
4     5062
5     2767
6     2571
7     2223
8     1815
9     1235
Percentage Distribution for Chunk 50:
0    28.73
1    20.56
2    10.85
3    10.13
4     9.60
5     5.25
6     4.88
7     4.22
8     3.44
9     2.34
Total samples in Chunk 50: 52719
-----------------
Distribution for Chunk 51:
0    15145
1    10839
2     5721
3     5341
4     5062
5     2767
6     2571
7     2223
8     1815
9     1235
Percentage Distribution for Chunk 51:
0    28.73
1    20.56
2    10.85
3    10.13
4     9.60
5     5.25
6     4.88
7     4.22
8     3.44
9     2.34
Total samples in Chunk 51: 52719
-----------------
Distribution for Chunk 52:
0    15145
1    10839
2     5721
3     5341
4     5062
5     2767
6     2571
7     2223
8     1815
9     1235
Percentage Distribution for Chunk 52:
0    28.73
1    20.56
2    10.85
3    10.13
4     9.60
5     5.25
6     4.88
7     4.22
8     3.44
9     2.34
Total samples in Chunk 52: 52719
-----------------
Distribution for Chunk 53:
0    15145
1    10839
2     5721
3     5341
4     5062
5     2767
6     2571
7     2223
8     1815
9     1235
Percentage Distribution for Chunk 53:
0    28.73
1    20.56
2    10.85
3    10.13
4     9.60
5     5.25
6     4.88
7     4.22
8     3.44
9     2.34
Total samples in Chunk 53: 52719
-----------------
Distribution for Chunk 54:
0    15145
1    10839
2     5721
3     5341
4     5062
5     2767
6     2571
7     2223
8     1815
9     1235
Percentage Distribution for Chunk 54:
0    28.73
1    20.56
2    10.85
3    10.13
4     9.60
5     5.25
6     4.88
7     4.22
8     3.44
9     2.34
Total samples in Chunk 54: 52719
-----------------
Distribution for Chunk 55:
0    15145
1    10839
2     5721
3     5341
4     5062
5     2767
6     2571
7     2223
8     1815
9     1235
Percentage Distribution for Chunk 55:
0    28.73
1    20.56
2    10.85
3    10.13
4     9.60
5     5.25
6     4.88
7     4.22
8     3.44
9     2.34
Total samples in Chunk 55: 52719
-----------------
Distribution for Chunk 56:
0    15145
1    10839
2     5721
3     5341
4     5062
5     2767
6     2571
7     2223
8     1815
9     1235
Percentage Distribution for Chunk 56:
0    28.73
1    20.56
2    10.85
3    10.13
4     9.60
5     5.25
6     4.88
7     4.22
8     3.44
9     2.34
Total samples in Chunk 56: 52719
-----------------
Distribution for Chunk 57:
0    15145
1    10839
2     5721
3     5341
4     5062
5     2767
6     2571
7     2223
8     1815
9     1235
Percentage Distribution for Chunk 57:
0    28.73
1    20.56
2    10.85
3    10.13
4     9.60
5     5.25
6     4.88
7     4.22
8     3.44
9     2.34
Total samples in Chunk 57: 52719
-----------------
Distribution for Chunk 58:
0    15145
1    10839
2     5721
3     5341
4     5062
5     2767
6     2571
7     2223
8     1815
9     1235
Percentage Distribution for Chunk 58:
0    28.73
1    20.56
2    10.85
3    10.13
4     9.60
5     5.25
6     4.88
7     4.22
8     3.44
9     2.34
Total samples in Chunk 58: 52719
-----------------
Distribution for Chunk 59:
0    15145
1    10839
2     5721
3     5341
4     5062
5     2767
6     2571
7     2223
8     1815
9     1235
Percentage Distribution for Chunk 59:
0    28.73
1    20.56
2    10.85
3    10.13
4     9.60
5     5.25
6     4.88
7     4.22
8     3.44
9     2.34
Total samples in Chunk 59: 52719
-----------------
Distribution for Chunk 60:
0    15145
1    10839
2     5721
3     5341
4     5062
5     2767
6     2571
7     2223
8     1815
9     1235
Percentage Distribution for Chunk 60:
0    28.73
1    20.56
2    10.85
3    10.13
4     9.60
5     5.25
6     4.88
7     4.22
8     3.44
9     2.34
Total samples in Chunk 60: 52719
-----------------
