Distribution for Chunk 1:
3    29103
0    21995
1    10730
2     5951
5     3445
9     2307
4     1929
6     1301
8      836
7      211
Percentage Distribution for Chunk 1:
3    37.40
0    28.27
1    13.79
2     7.65
5     4.43
9     2.96
4     2.48
6     1.67
8     1.07
7     0.27
Total samples in Chunk 1: 77808
-----------------
Distribution for Chunk 2:
1    12732
3     9210
6     5487
0     4654
4     3718
8     2683
2     2184
5     1876
9      165
7      146
Percentage Distribution for Chunk 2:
1    29.71
3    21.49
6    12.80
0    10.86
4     8.68
8     6.26
2     5.10
5     4.38
9     0.39
7     0.34
Total samples in Chunk 2: 42855
-----------------
Distribution for Chunk 3:
3    15682
0    14924
1    11168
7    10789
8     3391
6     2079
2     1588
5      835
4      607
9       58
Percentage Distribution for Chunk 3:
3    25.66
0    24.42
1    18.27
7    17.65
8     5.55
6     3.40
2     2.60
5     1.37
4     0.99
9     0.09
Total samples in Chunk 3: 61121
-----------------
Distribution for Chunk 4:
0    40588
2    10550
4     8937
8     4129
7     3801
6     3746
3     1918
9      709
5      416
1       18
Percentage Distribution for Chunk 4:
0    54.25
2    14.10
4    11.95
8     5.52
7     5.08
6     5.01
3     2.56
9     0.95
5     0.56
1     0.02
Total samples in Chunk 4: 74812
-----------------
Distribution for Chunk 5:
1    23402
3    13504
8     6982
5     4577
9     3072
2     2239
4     1714
0     1426
7      957
6       68
Percentage Distribution for Chunk 5:
1    40.39
3    23.31
8    12.05
5     7.90
9     5.30
2     3.86
4     2.96
0     2.46
7     1.65
6     0.12
Total samples in Chunk 5: 57941
-----------------
Distribution for Chunk 6:
0    15145
1    10839
2     5721
3     5341
4     5062
5     2767
6     2571
7     2223
8     1814
9     1235
Percentage Distribution for Chunk 6:
0    28.73
1    20.56
2    10.85
3    10.13
4     9.60
5     5.25
6     4.88
7     4.22
8     3.44
9     2.34
Total samples in Chunk 6: 52718
-----------------
Distribution for Chunk 7:
2    10911
6     9758
0     8767
8     2806
7     1825
9     1532
5     1037
3      551
1      225
4      173
Percentage Distribution for Chunk 7:
2    29.03
6    25.96
0    23.33
8     7.47
7     4.86
9     4.08
5     2.76
3     1.47
1     0.60
4     0.46
Total samples in Chunk 7: 37585
-----------------
Distribution for Chunk 8:
0    13583
2    13381
1     9029
5     4065
3     3842
4     1138
6      388
8      187
9       20
7       15
Percentage Distribution for Chunk 8:
0    29.76
2    29.31
1    19.78
5     8.91
3     8.42
4     2.49
6     0.85
8     0.41
9     0.04
7     0.03
Total samples in Chunk 8: 45648
-----------------
Distribution for Chunk 9:
1    12883
4     5564
5     3935
0     1791
2     1710
6     1009
9      897
3      593
8      570
7        5
Percentage Distribution for Chunk 9:
1    44.49
4    19.21
5    13.59
0     6.19
2     5.91
6     3.48
9     3.10
3     2.05
8     1.97
7     0.02
Total samples in Chunk 9: 28957
-----------------
Distribution for Chunk 10:
3    29915
1    18913
4    16829
0    15336
9     5326
7     3212
2     3174
8     2374
6      639
5      160
Percentage Distribution for Chunk 10:
3    31.20
1    19.73
4    17.55
0    16.00
9     5.55
7     3.35
2     3.31
8     2.48
6     0.67
5     0.17
Total samples in Chunk 10: 95878
-----------------
Distribution for Chunk 11:
1    11924
2    10082
5     9001
0     7913
6     4555
7     4185
4     2894
3     2035
9     1734
8      467
Percentage Distribution for Chunk 11:
1    21.76
2    18.40
5    16.43
0    14.44
6     8.31
7     7.64
4     5.28
3     3.71
9     3.16
8     0.85
Total samples in Chunk 11: 54790
-----------------
Distribution for Chunk 12:
0    15145
1    10839
2     5721
3     5341
4     5062
5     2767
6     2571
7     2223
8     1814
9     1235
Percentage Distribution for Chunk 12:
0    28.73
1    20.56
2    10.85
3    10.13
4     9.60
5     5.25
6     4.88
7     4.22
8     3.44
9     2.34
Total samples in Chunk 12: 52718
-----------------
Distribution for Chunk 13:
0    50914
7     4540
2     3175
5     2158
4     1595
1     1029
3      629
8      626
6      339
9       70
Percentage Distribution for Chunk 13:
0    78.24
7     6.98
2     4.88
5     3.32
4     2.45
1     1.58
3     0.97
8     0.96
6     0.52
9     0.11
Total samples in Chunk 13: 65075
-----------------
Distribution for Chunk 14:
3    16628
0     6670
7     5739
2     3224
6     2789
9     2778
5     1559
1     1368
8      940
4       15
Percentage Distribution for Chunk 14:
3    39.87
0    15.99
7    13.76
2     7.73
6     6.69
9     6.66
5     3.74
1     3.28
8     2.25
4     0.04
Total samples in Chunk 14: 41710
-----------------
Distribution for Chunk 15:
4    16846
3     8727
0     7746
5     6806
1     6435
2     4623
8     2852
9     1253
6      225
7      212
Percentage Distribution for Chunk 15:
4    30.23
3    15.66
0    13.90
5    12.21
1    11.55
2     8.30
8     5.12
9     2.25
6     0.40
7     0.38
Total samples in Chunk 15: 55725
-----------------
Distribution for Chunk 16:
0    57639
1    15803
3    11477
6    10095
2     9502
8     2500
4     2178
9     1601
7      707
5      163
Percentage Distribution for Chunk 16:
0    51.62
1    14.15
3    10.28
6     9.04
2     8.51
8     2.24
4     1.95
9     1.43
7     0.63
5     0.15
Total samples in Chunk 16: 111665
-----------------
Distribution for Chunk 17:
0    14942
2     8325
1     3975
7     3833
8     3220
3     1194
9      747
6      336
5      319
4      135
Percentage Distribution for Chunk 17:
0    40.36
2    22.48
1    10.74
7    10.35
8     8.70
3     3.22
9     2.02
6     0.91
5     0.86
4     0.36
Total samples in Chunk 17: 37026
-----------------
Distribution for Chunk 18:
0    15145
1    10839
2     5721
3     5341
4     5062
5     2767
6     2571
7     2223
8     1814
9     1235
Percentage Distribution for Chunk 18:
0    28.73
1    20.56
2    10.85
3    10.13
4     9.60
5     5.25
6     4.88
7     4.22
8     3.44
9     2.34
Total samples in Chunk 18: 52718
-----------------
Distribution for Chunk 19:
2    21322
5     9277
6     8572
1     8557
0     7485
3     2398
9     1524
8      897
7      183
4      169
Percentage Distribution for Chunk 19:
2    35.31
5    15.36
6    14.20
1    14.17
0    12.40
3     3.97
9     2.52
8     1.49
7     0.30
4     0.28
Total samples in Chunk 19: 60384
-----------------
Distribution for Chunk 20:
1    36149
0    16646
3    10003
8     7034
7     3985
5     2739
6     1942
2     1230
4     1138
9      286
Percentage Distribution for Chunk 20:
1    44.54
0    20.51
3    12.33
8     8.67
7     4.91
5     3.38
6     2.39
2     1.52
4     1.40
9     0.35
Total samples in Chunk 20: 81152
-----------------
Distribution for Chunk 21:
0    152950
1      9215
5      5046
6      3325
8      2844
2      2352
4       616
9       230
7       110
3        57
Percentage Distribution for Chunk 21:
0    86.54
1     5.21
5     2.85
6     1.88
8     1.61
2     1.33
4     0.35
9     0.13
7     0.06
3     0.03
Total samples in Chunk 21: 176745
-----------------
Distribution for Chunk 22:
5    18509
1     8074
3     6502
7     5865
4     4068
2     3754
6     3006
0     1878
9     1416
8      382
Percentage Distribution for Chunk 22:
5    34.63
1    15.10
3    12.16
7    10.97
4     7.61
2     7.02
6     5.62
0     3.51
9     2.65
8     0.71
Total samples in Chunk 22: 53454
-----------------
Distribution for Chunk 23:
2    6181
3    6144
7    2247
0    2019
9    1451
4    1373
5     857
1     759
6     725
8     483
Percentage Distribution for Chunk 23:
2    27.79
3    27.63
7    10.10
0     9.08
9     6.52
4     6.17
5     3.85
1     3.41
6     3.26
8     2.17
Total samples in Chunk 23: 22239
-----------------
Distribution for Chunk 24:
0    15145
1    10839
2     5721
3     5341
4     5062
5     2767
6     2571
7     2223
8     1814
9     1235
Percentage Distribution for Chunk 24:
0    28.73
1    20.56
2    10.85
3    10.13
4     9.60
5     5.25
6     4.88
7     4.22
8     3.44
9     2.34
Total samples in Chunk 24: 52718
-----------------
Distribution for Chunk 25:
2    16629
1    16345
0     6303
8     5439
3     4999
7     4889
9     4009
5     3169
6     2603
4     2324
Percentage Distribution for Chunk 25:
2    24.93
1    24.50
0     9.45
8     8.15
3     7.49
7     7.33
9     6.01
5     4.75
6     3.90
4     3.48
Total samples in Chunk 25: 66709
-----------------
Distribution for Chunk 26:
4    9913
0    5624
1    4411
7    3844
6    3184
2    2235
5    2091
3    1865
8     538
9     310
Percentage Distribution for Chunk 26:
4    29.14
0    16.53
1    12.97
7    11.30
6     9.36
2     6.57
5     6.15
3     5.48
8     1.58
9     0.91
Total samples in Chunk 26: 34015
-----------------
Distribution for Chunk 27:
0    93246
1    22286
3     7358
2     5590
4     4556
7     2913
6      777
9      462
8      376
5       56
Percentage Distribution for Chunk 27:
0    67.76
1    16.19
3     5.35
2     4.06
4     3.31
7     2.12
6     0.56
9     0.34
8     0.27
5     0.04
Total samples in Chunk 27: 137620
-----------------
Distribution for Chunk 28:
2    15859
0     7029
8     5106
7     3609
9     3411
3     2692
4     1556
5     1523
6      762
1      292
Percentage Distribution for Chunk 28:
2    37.90
0    16.80
8    12.20
7     8.63
9     8.15
3     6.43
4     3.72
5     3.64
6     1.82
1     0.70
Total samples in Chunk 28: 41839
-----------------
Distribution for Chunk 29:
4    31202
1    24881
2     6470
3     4637
5     4343
8     3760
0     2147
7     1546
9      867
6      516
Percentage Distribution for Chunk 29:
4    38.82
1    30.96
2     8.05
3     5.77
5     5.40
8     4.68
0     2.67
7     1.92
9     1.08
6     0.64
Total samples in Chunk 29: 80369
-----------------
Distribution for Chunk 30:
0    15145
1    10839
2     5721
3     5341
4     5062
5     2767
6     2571
7     2223
8     1814
9     1235
Percentage Distribution for Chunk 30:
0    28.73
1    20.56
2    10.85
3    10.13
4     9.60
5     5.25
6     4.88
7     4.22
8     3.44
9     2.34
Total samples in Chunk 30: 52718
-----------------
Distribution for Chunk 31:
1    19755
4    14607
7     4731
9     2302
6     2147
3     1562
8     1197
2      330
5      122
0      100
Percentage Distribution for Chunk 31:
1    42.16
4    31.18
7    10.10
9     4.91
6     4.58
3     3.33
8     2.55
2     0.70
5     0.26
0     0.21
Total samples in Chunk 31: 46853
-----------------
Distribution for Chunk 32:
1    56578
0    22128
2    10731
7     3430
3     1731
4     1644
9     1329
6     1140
8      600
5      302
Percentage Distribution for Chunk 32:
1    56.80
0    22.21
2    10.77
7     3.44
3     1.74
4     1.65
9     1.33
6     1.14
8     0.60
5     0.30
Total samples in Chunk 32: 99613
-----------------
Distribution for Chunk 33:
0    9948
7    8384
2    7963
1    6028
3    4378
8    3100
4    2800
6    1624
9    1115
5     387
Percentage Distribution for Chunk 33:
0    21.76
7    18.33
2    17.41
1    13.18
3     9.57
8     6.78
4     6.12
6     3.55
9     2.44
5     0.85
Total samples in Chunk 33: 45727
-----------------
Distribution for Chunk 34:
0    9933
5    5200
3    4024
2    3105
7    1699
9    1259
4     954
1     904
6     866
8     212
Percentage Distribution for Chunk 34:
0    35.28
5    18.47
3    14.29
2    11.03
7     6.03
9     4.47
4     3.39
1     3.21
6     3.08
8     0.75
Total samples in Chunk 34: 28156
-----------------
Distribution for Chunk 35:
0    28526
5     8362
4     5980
6     5137
2     4471
1     2975
3     2860
9     1194
8      952
7       64
Percentage Distribution for Chunk 35:
0    47.13
5    13.82
4     9.88
6     8.49
2     7.39
1     4.92
3     4.73
9     1.97
8     1.57
7     0.11
Total samples in Chunk 35: 60521
-----------------
Distribution for Chunk 36:
0    15145
1    10839
2     5721
3     5341
4     5062
5     2767
6     2571
7     2223
8     1814
9     1235
Percentage Distribution for Chunk 36:
0    28.73
1    20.56
2    10.85
3    10.13
4     9.60
5     5.25
6     4.88
7     4.22
8     3.44
9     2.34
Total samples in Chunk 36: 52718
-----------------
Distribution for Chunk 37:
1    12920
2    10285
4     7076
3     6792
5     4161
6     3248
7     2976
0     1984
9     1183
8      518
Percentage Distribution for Chunk 37:
1    25.26
2    20.11
4    13.84
3    13.28
5     8.14
6     6.35
7     5.82
0     3.88
9     2.31
8     1.01
Total samples in Chunk 37: 51143
-----------------
Distribution for Chunk 38:
2    38019
0     6385
3     6309
6     4997
7     2081
5     1356
8     1322
1     1238
9      353
4      181
Percentage Distribution for Chunk 38:
2    61.08
0    10.26
3    10.14
6     8.03
7     3.34
5     2.18
8     2.12
1     1.99
9     0.57
4     0.29
Total samples in Chunk 38: 62241
-----------------
Distribution for Chunk 39:
0    12650
4    10891
6     2511
2     1785
8     1323
1      958
3      506
7      499
5      428
9      343
Percentage Distribution for Chunk 39:
0    39.66
4    34.15
6     7.87
2     5.60
8     4.15
1     3.00
3     1.59
7     1.56
5     1.34
9     1.08
Total samples in Chunk 39: 31894
-----------------
Distribution for Chunk 40:
2    4441
4    3996
0    3641
6    3079
9    2248
8    2090
5    1278
3     295
1     217
7     179
Percentage Distribution for Chunk 40:
2    20.69
4    18.62
0    16.96
6    14.34
9    10.47
8     9.74
5     5.95
3     1.37
1     1.01
7     0.83
Total samples in Chunk 40: 21464
-----------------
Distribution for Chunk 41:
1    59284
5    11800
0     9341
2     4302
6     2677
4     2009
8     1983
3     1916
7     1773
9      819
Percentage Distribution for Chunk 41:
1    61.82
5    12.30
0     9.74
2     4.49
6     2.79
4     2.09
8     2.07
3     2.00
7     1.85
9     0.85
Total samples in Chunk 41: 95904
-----------------
Distribution for Chunk 42:
0    15145
1    10839
2     5721
3     5341
4     5062
5     2767
6     2571
7     2223
8     1814
9     1235
Percentage Distribution for Chunk 42:
0    28.73
1    20.56
2    10.85
3    10.13
4     9.60
5     5.25
6     4.88
7     4.22
8     3.44
9     2.34
Total samples in Chunk 42: 52718
-----------------
Distribution for Chunk 43:
4    6292
0    4087
9    2925
1    2639
7    2497
8    2053
2    1795
6    1503
3    1462
5     768
Percentage Distribution for Chunk 43:
4    24.18
0    15.71
9    11.24
1    10.14
7     9.60
8     7.89
2     6.90
6     5.78
3     5.62
5     2.95
Total samples in Chunk 43: 26021
-----------------
Distribution for Chunk 44:
3    13665
0     5892
6     5573
4     5191
1     5112
7     3843
8      782
5      694
9      366
2      174
Percentage Distribution for Chunk 44:
3    33.09
0    14.27
6    13.50
4    12.57
1    12.38
7     9.31
8     1.89
5     1.68
9     0.89
2     0.42
Total samples in Chunk 44: 41292
-----------------
Distribution for Chunk 45:
6    14570
0     9468
1     6088
8     4872
3     2553
4     1705
7      706
5      525
9      434
2      214
Percentage Distribution for Chunk 45:
6    35.42
0    23.02
1    14.80
8    11.84
3     6.21
4     4.14
7     1.72
5     1.28
9     1.06
2     0.52
Total samples in Chunk 45: 41135
-----------------
Distribution for Chunk 46:
4    22723
0     5135
1     3724
7     2906
5     2273
3     1441
8      395
6      220
2      109
9       90
Percentage Distribution for Chunk 46:
4    58.24
0    13.16
1     9.54
7     7.45
5     5.83
3     3.69
8     1.01
6     0.56
2     0.28
9     0.23
Total samples in Chunk 46: 39016
-----------------
Distribution for Chunk 47:
4    8319
0    7277
3    3705
2    2418
9    1291
6     614
5     562
8     413
1     155
7     125
Percentage Distribution for Chunk 47:
4    33.44
0    29.25
3    14.89
2     9.72
9     5.19
6     2.47
5     2.26
8     1.66
1     0.62
7     0.50
Total samples in Chunk 47: 24879
-----------------
Distribution for Chunk 48:
0    15145
1    10839
2     5721
3     5341
4     5062
5     2767
6     2571
7     2223
8     1814
9     1235
Percentage Distribution for Chunk 48:
0    28.73
1    20.56
2    10.85
3    10.13
4     9.60
5     5.25
6     4.88
7     4.22
8     3.44
9     2.34
Total samples in Chunk 48: 52718
-----------------
Distribution for Chunk 49:
4    13838
0    10197
1     4867
5     3523
3     3511
2     2669
7     1262
8     1004
6      888
9      873
Percentage Distribution for Chunk 49:
4    32.46
0    23.92
1    11.42
5     8.26
3     8.24
2     6.26
7     2.96
8     2.36
6     2.08
9     2.05
Total samples in Chunk 49: 42632
-----------------
Distribution for Chunk 50:
1    30406
0     5852
8     2446
4     1032
3      834
5      823
6      367
9      250
2      192
7      177
Percentage Distribution for Chunk 50:
1    71.75
0    13.81
8     5.77
4     2.44
3     1.97
5     1.94
6     0.87
9     0.59
2     0.45
7     0.42
Total samples in Chunk 50: 42379
-----------------
Distribution for Chunk 51:
1    14766
2     5375
3     2819
4     2711
5     2309
0     1623
9      698
8      437
6      268
7        1
Percentage Distribution for Chunk 51:
1    47.62
2    17.33
3     9.09
4     8.74
5     7.45
0     5.23
9     2.25
8     1.41
6     0.86
7     0.00
Total samples in Chunk 51: 31007
-----------------
Distribution for Chunk 52:
0    6272
4    4333
3    3623
1    3534
2    2945
5    1391
8    1081
6     898
7     691
9     349
Percentage Distribution for Chunk 52:
0    24.97
4    17.25
3    14.42
1    14.07
2    11.73
5     5.54
8     4.30
6     3.58
7     2.75
9     1.39
Total samples in Chunk 52: 25117
-----------------
Distribution for Chunk 53:
0    5376
2    2955
1    2789
6    1806
3    1740
7     593
9     460
5     454
8     204
4     148
Percentage Distribution for Chunk 53:
0    32.53
2    17.88
1    16.88
6    10.93
3    10.53
7     3.59
9     2.78
5     2.75
8     1.23
4     0.90
Total samples in Chunk 53: 16525
-----------------
Distribution for Chunk 54:
0    15145
1    10839
2     5721
3     5341
4     5062
5     2767
6     2571
7     2223
8     1814
9     1235
Percentage Distribution for Chunk 54:
0    28.73
1    20.56
2    10.85
3    10.13
4     9.60
5     5.25
6     4.88
7     4.22
8     3.44
9     2.34
Total samples in Chunk 54: 52718
-----------------
Distribution for Chunk 55:
4    3726
9    2928
3    2112
6    1722
2    1166
1     893
0     819
8     523
7     502
5     360
Percentage Distribution for Chunk 55:
4    25.26
9    19.85
3    14.32
6    11.67
2     7.90
1     6.05
0     5.55
8     3.55
7     3.40
5     2.44
Total samples in Chunk 55: 14751
-----------------
Distribution for Chunk 56:
1    10654
4     4906
2     2747
3     2378
5     1677
6     1012
9      423
7      423
0      304
8       84
Percentage Distribution for Chunk 56:
1    43.29
4    19.94
2    11.16
3     9.66
5     6.81
6     4.11
9     1.72
7     1.72
0     1.24
8     0.34
Total samples in Chunk 56: 24608
-----------------
Distribution for Chunk 57:
4    5029
0    4780
3    4322
2    1817
5    1181
9     720
6     691
7     440
8     265
1      23
Percentage Distribution for Chunk 57:
4    26.10
0    24.81
3    22.43
2     9.43
5     6.13
9     3.74
6     3.59
7     2.28
8     1.38
1     0.12
Total samples in Chunk 57: 19268
-----------------
Distribution for Chunk 58:
1    14268
0     9896
7     1284
6     1156
9     1128
8     1074
4      855
3      749
2      643
5      223
Percentage Distribution for Chunk 58:
1    45.62
0    31.64
7     4.11
6     3.70
9     3.61
8     3.43
4     2.73
3     2.39
2     2.06
5     0.71
Total samples in Chunk 58: 31276
-----------------
Distribution for Chunk 59:
0    11421
1    10572
2     3158
6     1610
4      967
7      516
9      435
8      408
5      229
3      100
Percentage Distribution for Chunk 59:
0    38.83
1    35.94
2    10.74
6     5.47
4     3.29
7     1.75
9     1.48
8     1.39
5     0.78
3     0.34
Total samples in Chunk 59: 29416
-----------------
Distribution for Chunk 60:
0    15145
1    10839
2     5721
3     5341
4     5062
5     2767
6     2571
7     2223
8     1814
9     1235
Percentage Distribution for Chunk 60:
0    28.73
1    20.56
2    10.85
3    10.13
4     9.60
5     5.25
6     4.88
7     4.22
8     3.44
9     2.34
Total samples in Chunk 60: 52718
-----------------
