Distribution for Chunk 1:
0    17325
1    12090
2     6384
3     6009
4     5814
5     3140
6     2880
7     2462
8     2069
9     1407
Percentage Distribution for Chunk 1:
0    29.08
1    20.29
2    10.72
3    10.09
4     9.76
5     5.27
6     4.83
7     4.13
8     3.47
9     2.36
Total samples in Chunk 1: 59580
-----------------
Distribution for Chunk 2:
0    12131
1     8651
2     4576
3     4354
4     4090
5     2213
6     2038
7     1754
8     1471
9      998
Percentage Distribution for Chunk 2:
0    28.69
1    20.46
2    10.82
3    10.30
4     9.67
5     5.23
6     4.82
7     4.15
8     3.48
9     2.36
Total samples in Chunk 2: 42276
-----------------
Distribution for Chunk 3:
0    11405
1     7927
2     4349
3     3960
4     3848
5     2116
6     1900
7     1670
8     1335
9      937
Percentage Distribution for Chunk 3:
0    28.91
1    20.10
2    11.02
3    10.04
4     9.75
5     5.36
6     4.82
7     4.23
8     3.38
9     2.38
Total samples in Chunk 3: 39447
-----------------
Distribution for Chunk 4:
0    18161
1    12849
2     6838
3     6384
4     6043
5     3258
6     3127
7     2661
8     2118
9     1488
Percentage Distribution for Chunk 4:
0    28.86
1    20.42
2    10.87
3    10.15
4     9.60
5     5.18
6     4.97
7     4.23
8     3.37
9     2.36
Total samples in Chunk 4: 62927
-----------------
Distribution for Chunk 5:
0    13716
1     9547
2     5285
3     4856
4     4578
5     2561
6     2328
7     1997
8     1649
9     1123
Percentage Distribution for Chunk 5:
0    28.79
1    20.04
2    11.09
3    10.19
4     9.61
5     5.38
6     4.89
7     4.19
8     3.46
9     2.36
Total samples in Chunk 5: 47640
-----------------
Distribution for Chunk 6:
0    15145
1    10839
2     5721
3     5341
4     5062
5     2767
6     2571
7     2223
8     1814
9     1235
Percentage Distribution for Chunk 6:
0    28.73
1    20.56
2    10.85
3    10.13
4     9.60
5     5.25
6     4.88
7     4.22
8     3.44
9     2.34
Total samples in Chunk 6: 52718
-----------------
Distribution for Chunk 7:
0    13351
1     9702
2     5034
3     4626
4     4454
5     2447
6     2282
7     1970
8     1680
9     1106
Percentage Distribution for Chunk 7:
0    28.62
1    20.80
2    10.79
3     9.92
4     9.55
5     5.25
6     4.89
7     4.22
8     3.60
9     2.37
Total samples in Chunk 7: 46652
-----------------
Distribution for Chunk 8:
0    13219
1     9422
2     4912
3     4633
4     4447
5     2475
6     2278
7     1955
8     1595
9     1006
Percentage Distribution for Chunk 8:
0    28.77
1    20.51
2    10.69
3    10.08
4     9.68
5     5.39
6     4.96
7     4.26
8     3.47
9     2.19
Total samples in Chunk 8: 45942
-----------------
Distribution for Chunk 9:
0    12472
1     8889
2     4652
3     4389
4     4150
5     2258
6     2156
7     1754
8     1489
9      990
Percentage Distribution for Chunk 9:
0    28.87
1    20.58
2    10.77
3    10.16
4     9.61
5     5.23
6     4.99
7     4.06
8     3.45
9     2.29
Total samples in Chunk 9: 43199
-----------------
Distribution for Chunk 10:
0    18094
1    12929
2     6832
3     6305
4     6009
5     3376
6     2979
7     2609
8     2167
9     1460
Percentage Distribution for Chunk 10:
0    28.83
1    20.60
2    10.89
3    10.05
4     9.57
5     5.38
6     4.75
7     4.16
8     3.45
9     2.33
Total samples in Chunk 10: 62760
-----------------
Distribution for Chunk 11:
0    12052
1     8633
2     4581
3     4331
4     3985
5     2208
6     2027
7     1804
8     1413
9      952
Percentage Distribution for Chunk 11:
0    28.70
1    20.56
2    10.91
3    10.32
4     9.49
5     5.26
6     4.83
7     4.30
8     3.37
9     2.27
Total samples in Chunk 11: 41986
-----------------
Distribution for Chunk 12:
0    15145
1    10839
2     5721
3     5341
4     5062
5     2767
6     2571
7     2223
8     1814
9     1235
Percentage Distribution for Chunk 12:
0    28.73
1    20.56
2    10.85
3    10.13
4     9.60
5     5.25
6     4.88
7     4.22
8     3.44
9     2.34
Total samples in Chunk 12: 52718
-----------------
Distribution for Chunk 13:
0    17398
1    12546
2     6688
3     6216
4     5725
5     3156
6     2984
7     2562
8     2109
9     1418
Percentage Distribution for Chunk 13:
0    28.61
1    20.63
2    11.00
3    10.22
4     9.42
5     5.19
6     4.91
7     4.21
8     3.47
9     2.33
Total samples in Chunk 13: 60802
-----------------
Distribution for Chunk 14:
0    18154
1    12728
2     6866
3     6363
4     6139
5     3307
6     3004
7     2717
8     2140
9     1480
Percentage Distribution for Chunk 14:
0    28.86
1    20.24
2    10.92
3    10.12
4     9.76
5     5.26
6     4.78
7     4.32
8     3.40
9     2.35
Total samples in Chunk 14: 62898
-----------------
Distribution for Chunk 15:
0    19479
1    13989
2     7411
3     6816
4     6492
5     3614
6     3253
7     2877
8     2335
9     1596
Percentage Distribution for Chunk 15:
0    28.70
1    20.61
2    10.92
3    10.04
4     9.57
5     5.33
6     4.79
7     4.24
8     3.44
9     2.35
Total samples in Chunk 15: 67862
-----------------
Distribution for Chunk 16:
0    16334
1    11500
2     6143
3     5734
4     5472
5     2895
6     2791
7     2338
8     1965
9     1326
Percentage Distribution for Chunk 16:
0    28.91
1    20.35
2    10.87
3    10.15
4     9.69
5     5.12
6     4.94
7     4.14
8     3.48
9     2.35
Total samples in Chunk 16: 56498
-----------------
Distribution for Chunk 17:
0    11858
1     8530
2     4461
3     4248
4     4027
5     2148
6     2018
7     1800
8     1439
9      946
Percentage Distribution for Chunk 17:
0    28.59
1    20.57
2    10.76
3    10.24
4     9.71
5     5.18
6     4.87
7     4.34
8     3.47
9     2.28
Total samples in Chunk 17: 41475
-----------------
Distribution for Chunk 18:
0    15145
1    10839
2     5721
3     5341
4     5062
5     2767
6     2571
7     2223
8     1814
9     1235
Percentage Distribution for Chunk 18:
0    28.73
1    20.56
2    10.85
3    10.13
4     9.60
5     5.25
6     4.88
7     4.22
8     3.44
9     2.34
Total samples in Chunk 18: 52718
-----------------
Distribution for Chunk 19:
0    16763
1    11906
2     6152
3     6021
4     5524
5     3061
6     2721
7     2480
8     1975
9     1374
Percentage Distribution for Chunk 19:
0    28.91
1    20.54
2    10.61
3    10.39
4     9.53
5     5.28
6     4.69
7     4.28
8     3.41
9     2.37
Total samples in Chunk 19: 57977
-----------------
Distribution for Chunk 20:
0    14920
1    10812
2     5600
3     5418
4     5076
5     2783
6     2516
7     2233
8     1837
9     1258
Percentage Distribution for Chunk 20:
0    28.44
1    20.61
2    10.68
3    10.33
4     9.68
5     5.31
6     4.80
7     4.26
8     3.50
9     2.40
Total samples in Chunk 20: 52453
-----------------
Distribution for Chunk 21:
0    11508
1     8054
2     4281
3     4033
4     3873
5     2091
6     1955
7     1618
8     1306
9      950
Percentage Distribution for Chunk 21:
0    29.01
1    20.30
2    10.79
3    10.17
4     9.76
5     5.27
6     4.93
7     4.08
8     3.29
9     2.39
Total samples in Chunk 21: 39669
-----------------
Distribution for Chunk 22:
0    11375
1     8132
2     4364
3     3949
4     3773
5     2136
6     1924
7     1652
8     1412
9      886
Percentage Distribution for Chunk 22:
0    28.72
1    20.53
2    11.02
3     9.97
4     9.53
5     5.39
6     4.86
7     4.17
8     3.57
9     2.24
Total samples in Chunk 22: 39603
-----------------
Distribution for Chunk 23:
0    11877
1     8454
2     4561
3     4296
4     4087
5     2217
6     2009
7     1764
8     1443
9      990
Percentage Distribution for Chunk 23:
0    28.48
1    20.27
2    10.94
3    10.30
4     9.80
5     5.32
6     4.82
7     4.23
8     3.46
9     2.37
Total samples in Chunk 23: 41698
-----------------
Distribution for Chunk 24:
0    15145
1    10839
2     5721
3     5341
4     5062
5     2767
6     2571
7     2223
8     1814
9     1235
Percentage Distribution for Chunk 24:
0    28.73
1    20.56
2    10.85
3    10.13
4     9.60
5     5.25
6     4.88
7     4.22
8     3.44
9     2.34
Total samples in Chunk 24: 52718
-----------------
Distribution for Chunk 25:
0    13107
1     9546
2     4855
3     4533
4     4335
5     2416
6     2306
7     1936
8     1669
9     1088
Percentage Distribution for Chunk 25:
0    28.62
1    20.85
2    10.60
3     9.90
4     9.47
5     5.28
6     5.04
7     4.23
8     3.64
9     2.38
Total samples in Chunk 25: 45791
-----------------
Distribution for Chunk 26:
0    13225
1     9485
2     5105
3     4644
4     4563
5     2470
6     2192
7     1934
8     1566
9     1067
Percentage Distribution for Chunk 26:
0    28.59
1    20.51
2    11.04
3    10.04
4     9.87
5     5.34
6     4.74
7     4.18
8     3.39
9     2.31
Total samples in Chunk 26: 46251
-----------------
Distribution for Chunk 27:
0    16063
1    11472
2     5939
3     5519
4     5178
5     2767
6     2723
7     2291
8     1909
9     1325
Percentage Distribution for Chunk 27:
0    29.11
1    20.79
2    10.76
3    10.00
4     9.38
5     5.01
6     4.93
7     4.15
8     3.46
9     2.40
Total samples in Chunk 27: 55186
-----------------
Distribution for Chunk 28:
0    16722
1    12151
2     6365
3     5896
4     5568
5     3026
6     2796
7     2455
8     2010
9     1365
Percentage Distribution for Chunk 28:
0    28.66
1    20.82
2    10.91
3    10.10
4     9.54
5     5.19
6     4.79
7     4.21
8     3.44
9     2.34
Total samples in Chunk 28: 58354
-----------------
Distribution for Chunk 29:
0    11594
1     7816
2     4227
3     4047
4     3849
5     2069
6     1927
7     1711
8     1336
9      921
Percentage Distribution for Chunk 29:
0    29.35
1    19.79
2    10.70
3    10.25
4     9.75
5     5.24
6     4.88
7     4.33
8     3.38
9     2.33
Total samples in Chunk 29: 39497
-----------------
Distribution for Chunk 30:
0    15145
1    10839
2     5721
3     5341
4     5062
5     2767
6     2571
7     2223
8     1814
9     1235
Percentage Distribution for Chunk 30:
0    28.73
1    20.56
2    10.85
3    10.13
4     9.60
5     5.25
6     4.88
7     4.22
8     3.44
9     2.34
Total samples in Chunk 30: 52718
-----------------
Distribution for Chunk 31:
0    16388
1    11705
2     6073
3     5832
4     5547
5     2950
6     2766
7     2410
8     2004
9     1343
Percentage Distribution for Chunk 31:
0    28.74
1    20.53
2    10.65
3    10.23
4     9.73
5     5.17
6     4.85
7     4.23
8     3.51
9     2.36
Total samples in Chunk 31: 57018
-----------------
Distribution for Chunk 32:
0    12777
1     9398
2     4958
3     4549
4     4293
5     2433
6     2200
7     1903
8     1560
9     1072
Percentage Distribution for Chunk 32:
0    28.30
1    20.82
2    10.98
3    10.08
4     9.51
5     5.39
6     4.87
7     4.22
8     3.46
9     2.37
Total samples in Chunk 32: 45143
-----------------
Distribution for Chunk 33:
0    17697
1    12883
2     6734
3     6259
4     5970
5     3298
6     3010
7     2683
8     2142
9     1414
Percentage Distribution for Chunk 33:
0    28.50
1    20.75
2    10.85
3    10.08
4     9.62
5     5.31
6     4.85
7     4.32
8     3.45
9     2.28
Total samples in Chunk 33: 62090
-----------------
Distribution for Chunk 34:
0    17314
1    12325
2     6395
3     6053
4     5762
5     3089
6     2905
7     2535
8     2114
9     1430
Percentage Distribution for Chunk 34:
0    28.89
1    20.57
2    10.67
3    10.10
4     9.62
5     5.16
6     4.85
7     4.23
8     3.53
9     2.39
Total samples in Chunk 34: 59922
-----------------
Distribution for Chunk 35:
0    17705
1    12771
2     6792
3     6158
4     5689
5     3229
6     3114
7     2605
8     2119
9     1427
Percentage Distribution for Chunk 35:
0    28.74
1    20.73
2    11.02
3    10.00
4     9.23
5     5.24
6     5.05
7     4.23
8     3.44
9     2.32
Total samples in Chunk 35: 61609
-----------------
Distribution for Chunk 36:
0    15145
1    10839
2     5721
3     5341
4     5062
5     2767
6     2571
7     2223
8     1814
9     1235
Percentage Distribution for Chunk 36:
0    28.73
1    20.56
2    10.85
3    10.13
4     9.60
5     5.25
6     4.88
7     4.22
8     3.44
9     2.34
Total samples in Chunk 36: 52718
-----------------
Distribution for Chunk 37:
0    16139
1    11561
2     6100
3     5790
4     5425
5     2974
6     2751
7     2463
8     1936
9     1345
Percentage Distribution for Chunk 37:
0    28.57
1    20.47
2    10.80
3    10.25
4     9.60
5     5.27
6     4.87
7     4.36
8     3.43
9     2.38
Total samples in Chunk 37: 56484
-----------------
Distribution for Chunk 38:
0    15270
1    10620
2     5678
3     5293
4     5085
5     2746
6     2525
7     2161
8     1785
9     1211
Percentage Distribution for Chunk 38:
0    29.16
1    20.28
2    10.84
3    10.11
4     9.71
5     5.24
6     4.82
7     4.13
8     3.41
9     2.31
Total samples in Chunk 38: 52374
-----------------
Distribution for Chunk 39:
0    13130
1     9393
2     5018
3     4651
4     4398
5     2426
6     2223
7     1956
8     1568
9     1088
Percentage Distribution for Chunk 39:
0    28.64
1    20.49
2    10.94
3    10.14
4     9.59
5     5.29
6     4.85
7     4.27
8     3.42
9     2.37
Total samples in Chunk 39: 45851
-----------------
Distribution for Chunk 40:
0    15226
1    11034
2     5881
3     5441
4     5052
5     2825
6     2653
7     2186
8     1784
9     1265
Percentage Distribution for Chunk 40:
0    28.54
1    20.68
2    11.02
3    10.20
4     9.47
5     5.30
6     4.97
7     4.10
8     3.34
9     2.37
Total samples in Chunk 40: 53347
-----------------
Distribution for Chunk 41:
0    16663
1    11956
2     6327
3     5861
4     5415
5     3095
6     2892
7     2429
8     1934
9     1365
Percentage Distribution for Chunk 41:
0    28.76
1    20.64
2    10.92
3    10.12
4     9.35
5     5.34
6     4.99
7     4.19
8     3.34
9     2.36
Total samples in Chunk 41: 57937
-----------------
Distribution for Chunk 42:
0    15145
1    10839
2     5721
3     5341
4     5062
5     2767
6     2571
7     2223
8     1814
9     1235
Percentage Distribution for Chunk 42:
0    28.73
1    20.56
2    10.85
3    10.13
4     9.60
5     5.25
6     4.88
7     4.22
8     3.44
9     2.34
Total samples in Chunk 42: 52718
-----------------
Distribution for Chunk 43:
0    13769
1     9826
2     5172
3     4908
4     4492
5     2433
6     2404
7     1942
8     1642
9     1155
Percentage Distribution for Chunk 43:
0    28.84
1    20.58
2    10.83
3    10.28
4     9.41
5     5.10
6     5.04
7     4.07
8     3.44
9     2.42
Total samples in Chunk 43: 47743
-----------------
Distribution for Chunk 44:
0    18703
1    13657
2     7059
3     6420
4     6188
5     3380
6     3168
7     2817
8     2221
9     1538
Percentage Distribution for Chunk 44:
0    28.71
1    20.96
2    10.83
3     9.85
4     9.50
5     5.19
6     4.86
7     4.32
8     3.41
9     2.36
Total samples in Chunk 44: 65151
-----------------
Distribution for Chunk 45:
0    19206
1    13940
2     7316
3     6829
4     6426
5     3467
6     3274
7     2772
8     2321
9     1562
Percentage Distribution for Chunk 45:
0    28.62
1    20.77
2    10.90
3    10.18
4     9.57
5     5.17
6     4.88
7     4.13
8     3.46
9     2.33
Total samples in Chunk 45: 67113
-----------------
Distribution for Chunk 46:
0    10987
1     8043
2     4251
3     4043
4     3755
5     2017
6     1961
7     1571
8     1351
9      860
Percentage Distribution for Chunk 46:
0    28.29
1    20.71
2    10.95
3    10.41
4     9.67
5     5.19
6     5.05
7     4.04
8     3.48
9     2.21
Total samples in Chunk 46: 38839
-----------------
Distribution for Chunk 47:
0    18081
1    13157
2     6882
3     6487
4     6068
5     3306
6     3142
7     2660
8     2203
9     1506
Percentage Distribution for Chunk 47:
0    28.48
1    20.72
2    10.84
3    10.22
4     9.56
5     5.21
6     4.95
7     4.19
8     3.47
9     2.37
Total samples in Chunk 47: 63492
-----------------
Distribution for Chunk 48:
0    15145
1    10839
2     5721
3     5341
4     5062
5     2767
6     2571
7     2223
8     1814
9     1235
Percentage Distribution for Chunk 48:
0    28.73
1    20.56
2    10.85
3    10.13
4     9.60
5     5.25
6     4.88
7     4.22
8     3.44
9     2.34
Total samples in Chunk 48: 52718
-----------------
Distribution for Chunk 49:
0    18749
1    13408
2     6961
3     6506
4     6238
5     3365
6     3231
7     2752
8     2267
9     1556
Percentage Distribution for Chunk 49:
0    28.83
1    20.62
2    10.70
3    10.00
4     9.59
5     5.17
6     4.97
7     4.23
8     3.49
9     2.39
Total samples in Chunk 49: 65033
-----------------
Distribution for Chunk 50:
0    12604
1     8846
2     4860
3     4341
4     4284
5     2363
6     2082
7     1883
8     1511
9     1085
Percentage Distribution for Chunk 50:
0    28.74
1    20.17
2    11.08
3     9.90
4     9.77
5     5.39
6     4.75
7     4.29
8     3.45
9     2.47
Total samples in Chunk 50: 43859
-----------------
Distribution for Chunk 51:
0    17853
1    12534
2     6481
3     6131
4     5966
5     3326
6     2995
7     2650
8     2113
9     1454
Percentage Distribution for Chunk 51:
0    29.03
1    20.38
2    10.54
3     9.97
4     9.70
5     5.41
6     4.87
7     4.31
8     3.44
9     2.36
Total samples in Chunk 51: 61503
-----------------
Distribution for Chunk 52:
0    14908
1    10838
2     5728
3     5424
4     5180
5     2729
6     2522
7     2207
8     1755
9     1185
Percentage Distribution for Chunk 52:
0    28.41
1    20.65
2    10.92
3    10.34
4     9.87
5     5.20
6     4.81
7     4.21
8     3.34
9     2.26
Total samples in Chunk 52: 52476
-----------------
Distribution for Chunk 53:
0    14382
1    10231
2     5415
3     5090
4     4672
5     2651
6     2389
7     2125
8     1669
9     1153
Percentage Distribution for Chunk 53:
0    28.89
1    20.55
2    10.88
3    10.23
4     9.39
5     5.33
6     4.80
7     4.27
8     3.35
9     2.32
Total samples in Chunk 53: 49777
-----------------
Distribution for Chunk 54:
0    15145
1    10839
2     5721
3     5341
4     5062
5     2767
6     2571
7     2223
8     1814
9     1235
Percentage Distribution for Chunk 54:
0    28.73
1    20.56
2    10.85
3    10.13
4     9.60
5     5.25
6     4.88
7     4.22
8     3.44
9     2.34
Total samples in Chunk 54: 52718
-----------------
Distribution for Chunk 55:
0    13738
1     9890
2     5191
3     4763
4     4591
5     2476
6     2340
7     2001
8     1646
9     1097
Percentage Distribution for Chunk 55:
0    28.78
1    20.72
2    10.88
3     9.98
4     9.62
5     5.19
6     4.90
7     4.19
8     3.45
9     2.30
Total samples in Chunk 55: 47733
-----------------
Distribution for Chunk 56:
0    12460
1     9259
2     4648
3     4479
4     4147
5     2223
6     2090
7     1853
8     1584
9      979
Percentage Distribution for Chunk 56:
0    28.50
1    21.18
2    10.63
3    10.24
4     9.48
5     5.08
6     4.78
7     4.24
8     3.62
9     2.24
Total samples in Chunk 56: 43722
-----------------
Distribution for Chunk 57:
0    13043
1     9396
2     5051
3     4485
4     4459
5     2438
6     2262
7     1906
8     1579
9     1064
Percentage Distribution for Chunk 57:
0    28.55
1    20.57
2    11.06
3     9.82
4     9.76
5     5.34
6     4.95
7     4.17
8     3.46
9     2.33
Total samples in Chunk 57: 45683
-----------------
Distribution for Chunk 58:
0    20116
1    14461
2     7604
3     7212
4     6698
5     3537
6     3459
7     2939
8     2354
9     1613
Percentage Distribution for Chunk 58:
0    28.74
1    20.66
2    10.86
3    10.30
4     9.57
5     5.05
6     4.94
7     4.20
8     3.36
9     2.30
Total samples in Chunk 58: 69993
-----------------
Distribution for Chunk 59:
0    18039
1    13058
2     7014
3     6465
4     6201
5     3366
6     3078
7     2737
8     2161
9     1526
Percentage Distribution for Chunk 59:
0    28.34
1    20.52
2    11.02
3    10.16
4     9.74
5     5.29
6     4.84
7     4.30
8     3.40
9     2.40
Total samples in Chunk 59: 63645
-----------------
Distribution for Chunk 60:
0    15145
1    10839
2     5721
3     5341
4     5062
5     2767
6     2571
7     2223
8     1814
9     1235
Percentage Distribution for Chunk 60:
0    28.73
1    20.56
2    10.85
3    10.13
4     9.60
5     5.25
6     4.88
7     4.22
8     3.44
9     2.34
Total samples in Chunk 60: 52718
-----------------
